{
  "src/fixture.ts": {
    "path": "src/fixture.ts",
    "statementMap": {
      "0": {
        "start": {"line": 2, "column": 2},
        "end": {"line": 2, "column": 14}
      }
    },
    "fnMap": {
      "0": {
        "name": "greet",
        "decl": {
          "start": {"line": 1, "column": 0},
          "end": {"line": 3, "column": 1}
        },
        "loc": {
          "start": {"line": 1, "column": 0},
          "end": {"line": 3, "column": 1}
        }
      }
    },
    "s": {"0": 1},
    "f": {"0": 1}
  }
}
