TN:
SF:coverage.ts
FN:1,full
FN:5,partial
FN:12,zero
FN:16,missing
FN:20,outer
FN:21,child
FNDA:1,full
FNDA:1,partial
FNDA:0,zero
FNDA:0,missing
FNDA:1,outer
FNDA:1,child
FNF:6
FNH:4
DA:2,1
DA:6,1
DA:7,0
DA:9,1
DA:13,0
DA:22,1
DA:24,1
LF:7
LH:5
BRDA:6,0,0,1
BRF:1
BRH:1
end_of_record
SF:duplicate-a.ts
FN:1,same
FNDA:1,same
FNF:1
FNH:1
DA:2,1
LF:1
LH:1
end_of_record
SF:duplicate-b.ts
FN:1,same
FNDA:0,same
FNF:1
FNH:0
DA:2,0
LF:1
LH:0
end_of_record
SF:ambiguous.ts
FN:1,first
FN:1,second
FNDA:1,first
FNDA:1,second
FNF:2
FNH:2
DA:1,1
LF:1
LH:1
end_of_record
